❌ MongoDB Connection Error: MongooseError: The `uri` parameter to `openUri()` must be a string, got "undefined". Make sure the first parameter to `mongoose.connect()` or `mongoose.createConnection()` is a string.
    at NativeConnection.createClient (/home/editcezo/nodevenv/repositories/eco-packaging-backend/18/lib/node_modules/mongoose/lib/drivers/node-mongodb-native/connection.js:236:11)
    at NativeConnection.openUri (/home/editcezo/nodevenv/repositories/eco-packaging-backend/18/lib/node_modules/mongoose/lib/connection.js:1071:34)
    at Mongoose.connect (/home/editcezo/nodevenv/repositories/eco-packaging-backend/18/lib/node_modules/mongoose/lib/mongoose.js:450:15)
    at Object.<anonymous> (/home/editcezo/repositories/eco-packaging-backend/server.js:130:10)
    at Module._compile (node:internal/modules/cjs/loader:1364:14)
    at Module._extensions..js (node:internal/modules/cjs/loader:1422:10)
    at Module.load (node:internal/modules/cjs/loader:1203:32)
    at Module._load (node:internal/modules/cjs/loader:1019:12)
    at Module.require (node:internal/modules/cjs/loader:1231:19)
    at require (node:internal/modules/helpers:177:18)
❌ MongoDB Connection Error: MongooseError: The `uri` parameter to `openUri()` must be a string, got "undefined". Make sure the first parameter to `mongoose.connect()` or `mongoose.createConnection()` is a string.
    at NativeConnection.createClient (/home/editcezo/nodevenv/repositories/eco-packaging-backend/18/lib/node_modules/mongoose/lib/drivers/node-mongodb-native/connection.js:236:11)
    at NativeConnection.openUri (/home/editcezo/nodevenv/repositories/eco-packaging-backend/18/lib/node_modules/mongoose/lib/connection.js:1071:34)
    at Mongoose.connect (/home/editcezo/nodevenv/repositories/eco-packaging-backend/18/lib/node_modules/mongoose/lib/mongoose.js:450:15)
    at Object.<anonymous> (/home/editcezo/repositories/eco-packaging-backend/server.js:130:10)
    at Module._compile (node:internal/modules/cjs/loader:1364:14)
    at Module._extensions..js (node:internal/modules/cjs/loader:1422:10)
    at Module.load (node:internal/modules/cjs/loader:1203:32)
    at Module._load (node:internal/modules/cjs/loader:1019:12)
    at Module.require (node:internal/modules/cjs/loader:1231:19)
    at require (node:internal/modules/helpers:177:18)
❌ MongoDB Connection Error: MongooseError: The `uri` parameter to `openUri()` must be a string, got "undefined". Make sure the first parameter to `mongoose.connect()` or `mongoose.createConnection()` is a string.
    at NativeConnection.createClient (/home/editcezo/nodevenv/repositories/eco-packaging-backend/18/lib/node_modules/mongoose/lib/drivers/node-mongodb-native/connection.js:236:11)
    at NativeConnection.openUri (/home/editcezo/nodevenv/repositories/eco-packaging-backend/18/lib/node_modules/mongoose/lib/connection.js:1071:34)
    at Mongoose.connect (/home/editcezo/nodevenv/repositories/eco-packaging-backend/18/lib/node_modules/mongoose/lib/mongoose.js:450:15)
    at Object.<anonymous> (/home/editcezo/repositories/eco-packaging-backend/server.js:130:10)
    at Module._compile (node:internal/modules/cjs/loader:1364:14)
    at Module._extensions..js (node:internal/modules/cjs/loader:1422:10)
    at Module.load (node:internal/modules/cjs/loader:1203:32)
    at Module._load (node:internal/modules/cjs/loader:1019:12)
    at Module.require (node:internal/modules/cjs/loader:1231:19)
    at require (node:internal/modules/helpers:177:18)
❌ MongoDB Connection Error: MongooseError: The `uri` parameter to `openUri()` must be a string, got "undefined". Make sure the first parameter to `mongoose.connect()` or `mongoose.createConnection()` is a string.
    at NativeConnection.createClient (/home/editcezo/nodevenv/repositories/eco-packaging-backend/18/lib/node_modules/mongoose/lib/drivers/node-mongodb-native/connection.js:236:11)
    at NativeConnection.openUri (/home/editcezo/nodevenv/repositories/eco-packaging-backend/18/lib/node_modules/mongoose/lib/connection.js:1071:34)
    at Mongoose.connect (/home/editcezo/nodevenv/repositories/eco-packaging-backend/18/lib/node_modules/mongoose/lib/mongoose.js:450:15)
    at Object.<anonymous> (/home/editcezo/repositories/eco-packaging-backend/server.js:130:10)
    at Module._compile (node:internal/modules/cjs/loader:1364:14)
    at Module._extensions..js (node:internal/modules/cjs/loader:1422:10)
    at Module.load (node:internal/modules/cjs/loader:1203:32)
    at Module._load (node:internal/modules/cjs/loader:1019:12)
    at Module.require (node:internal/modules/cjs/loader:1231:19)
    at require (node:internal/modules/helpers:177:18)
❌ MongoDB Connection Error: MongooseError: The `uri` parameter to `openUri()` must be a string, got "undefined". Make sure the first parameter to `mongoose.connect()` or `mongoose.createConnection()` is a string.
    at NativeConnection.createClient (/home/editcezo/nodevenv/repositories/eco-packaging-backend/18/lib/node_modules/mongoose/lib/drivers/node-mongodb-native/connection.js:236:11)
    at NativeConnection.openUri (/home/editcezo/nodevenv/repositories/eco-packaging-backend/18/lib/node_modules/mongoose/lib/connection.js:1071:34)
    at Mongoose.connect (/home/editcezo/nodevenv/repositories/eco-packaging-backend/18/lib/node_modules/mongoose/lib/mongoose.js:450:15)
    at Object.<anonymous> (/home/editcezo/repositories/eco-packaging-backend/server.js:130:10)
    at Module._compile (node:internal/modules/cjs/loader:1364:14)
    at Module._extensions..js (node:internal/modules/cjs/loader:1422:10)
    at Module.load (node:internal/modules/cjs/loader:1203:32)
    at Module._load (node:internal/modules/cjs/loader:1019:12)
    at Module.require (node:internal/modules/cjs/loader:1231:19)
    at require (node:internal/modules/helpers:177:18)
❌ MongoDB Connection Error: MongooseError: The `uri` parameter to `openUri()` must be a string, got "undefined". Make sure the first parameter to `mongoose.connect()` or `mongoose.createConnection()` is a string.
    at NativeConnection.createClient (/home/editcezo/nodevenv/repositories/eco-packaging-backend/18/lib/node_modules/mongoose/lib/drivers/node-mongodb-native/connection.js:236:11)
    at NativeConnection.openUri (/home/editcezo/nodevenv/repositories/eco-packaging-backend/18/lib/node_modules/mongoose/lib/connection.js:1071:34)
    at Mongoose.connect (/home/editcezo/nodevenv/repositories/eco-packaging-backend/18/lib/node_modules/mongoose/lib/mongoose.js:450:15)
    at Object.<anonymous> (/home/editcezo/repositories/eco-packaging-backend/server.js:130:10)
    at Module._compile (node:internal/modules/cjs/loader:1364:14)
    at Module._extensions..js (node:internal/modules/cjs/loader:1422:10)
    at Module.load (node:internal/modules/cjs/loader:1203:32)
    at Module._load (node:internal/modules/cjs/loader:1019:12)
    at Module.require (node:internal/modules/cjs/loader:1231:19)
    at require (node:internal/modules/helpers:177:18)
❌ MongoDB Connection Error: MongooseError: The `uri` parameter to `openUri()` must be a string, got "undefined". Make sure the first parameter to `mongoose.connect()` or `mongoose.createConnection()` is a string.
    at NativeConnection.createClient (/home/editcezo/nodevenv/repositories/eco-packaging-backend/18/lib/node_modules/mongoose/lib/drivers/node-mongodb-native/connection.js:236:11)
    at NativeConnection.openUri (/home/editcezo/nodevenv/repositories/eco-packaging-backend/18/lib/node_modules/mongoose/lib/connection.js:1071:34)
    at Mongoose.connect (/home/editcezo/nodevenv/repositories/eco-packaging-backend/18/lib/node_modules/mongoose/lib/mongoose.js:450:15)
    at Object.<anonymous> (/home/editcezo/repositories/eco-packaging-backend/server.js:130:10)
    at Module._compile (node:internal/modules/cjs/loader:1364:14)
    at Module._extensions..js (node:internal/modules/cjs/loader:1422:10)
    at Module.load (node:internal/modules/cjs/loader:1203:32)
    at Module._load (node:internal/modules/cjs/loader:1019:12)
    at Module.require (node:internal/modules/cjs/loader:1231:19)
    at require (node:internal/modules/helpers:177:18)
❌ MongoDB Connection Error: MongooseError: The `uri` parameter to `openUri()` must be a string, got "undefined". Make sure the first parameter to `mongoose.connect()` or `mongoose.createConnection()` is a string.
    at NativeConnection.createClient (/home/editcezo/nodevenv/repositories/eco-packaging-backend/18/lib/node_modules/mongoose/lib/drivers/node-mongodb-native/connection.js:236:11)
    at NativeConnection.openUri (/home/editcezo/nodevenv/repositories/eco-packaging-backend/18/lib/node_modules/mongoose/lib/connection.js:1071:34)
    at Mongoose.connect (/home/editcezo/nodevenv/repositories/eco-packaging-backend/18/lib/node_modules/mongoose/lib/mongoose.js:450:15)
    at Object.<anonymous> (/home/editcezo/repositories/eco-packaging-backend/server.js:130:10)
    at Module._compile (node:internal/modules/cjs/loader:1364:14)
    at Module._extensions..js (node:internal/modules/cjs/loader:1422:10)
    at Module.load (node:internal/modules/cjs/loader:1203:32)
    at Module._load (node:internal/modules/cjs/loader:1019:12)
    at Module.require (node:internal/modules/cjs/loader:1231:19)
    at require (node:internal/modules/helpers:177:18)
❌ MongoDB Connection Error: MongooseError: The `uri` parameter to `openUri()` must be a string, got "undefined". Make sure the first parameter to `mongoose.connect()` or `mongoose.createConnection()` is a string.
    at NativeConnection.createClient (/home/editcezo/nodevenv/repositories/eco-packaging-backend/18/lib/node_modules/mongoose/lib/drivers/node-mongodb-native/connection.js:236:11)
    at NativeConnection.openUri (/home/editcezo/nodevenv/repositories/eco-packaging-backend/18/lib/node_modules/mongoose/lib/connection.js:1071:34)
    at Mongoose.connect (/home/editcezo/nodevenv/repositories/eco-packaging-backend/18/lib/node_modules/mongoose/lib/mongoose.js:450:15)
    at Object.<anonymous> (/home/editcezo/repositories/eco-packaging-backend/server.js:130:10)
    at Module._compile (node:internal/modules/cjs/loader:1364:14)
    at Module._extensions..js (node:internal/modules/cjs/loader:1422:10)
    at Module.load (node:internal/modules/cjs/loader:1203:32)
    at Module._load (node:internal/modules/cjs/loader:1019:12)
    at Module.require (node:internal/modules/cjs/loader:1231:19)
    at require (node:internal/modules/helpers:177:18)
❌ MongoDB Connection Error: MongooseError: The `uri` parameter to `openUri()` must be a string, got "undefined". Make sure the first parameter to `mongoose.connect()` or `mongoose.createConnection()` is a string.
    at NativeConnection.createClient (/home/editcezo/nodevenv/repositories/eco-packaging-backend/18/lib/node_modules/mongoose/lib/drivers/node-mongodb-native/connection.js:236:11)
    at NativeConnection.openUri (/home/editcezo/nodevenv/repositories/eco-packaging-backend/18/lib/node_modules/mongoose/lib/connection.js:1071:34)
    at Mongoose.connect (/home/editcezo/nodevenv/repositories/eco-packaging-backend/18/lib/node_modules/mongoose/lib/mongoose.js:450:15)
    at Object.<anonymous> (/home/editcezo/repositories/eco-packaging-backend/server.js:130:10)
    at Module._compile (node:internal/modules/cjs/loader:1364:14)
    at Module._extensions..js (node:internal/modules/cjs/loader:1422:10)
    at Module.load (node:internal/modules/cjs/loader:1203:32)
    at Module._load (node:internal/modules/cjs/loader:1019:12)
    at Module.require (node:internal/modules/cjs/loader:1231:19)
    at require (node:internal/modules/helpers:177:18)
❌ MongoDB Connection Error: MongooseError: The `uri` parameter to `openUri()` must be a string, got "undefined". Make sure the first parameter to `mongoose.connect()` or `mongoose.createConnection()` is a string.
    at NativeConnection.createClient (/home/editcezo/nodevenv/repositories/eco-packaging-backend/18/lib/node_modules/mongoose/lib/drivers/node-mongodb-native/connection.js:236:11)
    at NativeConnection.openUri (/home/editcezo/nodevenv/repositories/eco-packaging-backend/18/lib/node_modules/mongoose/lib/connection.js:1071:34)
    at Mongoose.connect (/home/editcezo/nodevenv/repositories/eco-packaging-backend/18/lib/node_modules/mongoose/lib/mongoose.js:450:15)
    at Object.<anonymous> (/home/editcezo/repositories/eco-packaging-backend/server.js:130:10)
    at Module._compile (node:internal/modules/cjs/loader:1364:14)
    at Module._extensions..js (node:internal/modules/cjs/loader:1422:10)
    at Module.load (node:internal/modules/cjs/loader:1203:32)
    at Module._load (node:internal/modules/cjs/loader:1019:12)
    at Module.require (node:internal/modules/cjs/loader:1231:19)
    at require (node:internal/modules/helpers:177:18)
❌ MongoDB Connection Error: MongooseError: The `uri` parameter to `openUri()` must be a string, got "undefined". Make sure the first parameter to `mongoose.connect()` or `mongoose.createConnection()` is a string.
    at NativeConnection.createClient (/home/editcezo/nodevenv/repositories/eco-packaging-backend/18/lib/node_modules/mongoose/lib/drivers/node-mongodb-native/connection.js:236:11)
    at NativeConnection.openUri (/home/editcezo/nodevenv/repositories/eco-packaging-backend/18/lib/node_modules/mongoose/lib/connection.js:1071:34)
    at Mongoose.connect (/home/editcezo/nodevenv/repositories/eco-packaging-backend/18/lib/node_modules/mongoose/lib/mongoose.js:450:15)
    at Object.<anonymous> (/home/editcezo/repositories/eco-packaging-backend/server.js:130:10)
    at Module._compile (node:internal/modules/cjs/loader:1364:14)
    at Module._extensions..js (node:internal/modules/cjs/loader:1422:10)
    at Module.load (node:internal/modules/cjs/loader:1203:32)
    at Module._load (node:internal/modules/cjs/loader:1019:12)
    at Module.require (node:internal/modules/cjs/loader:1231:19)
    at require (node:internal/modules/helpers:177:18)
❌ MongoDB Connection Error: MongooseError: The `uri` parameter to `openUri()` must be a string, got "undefined". Make sure the first parameter to `mongoose.connect()` or `mongoose.createConnection()` is a string.
    at NativeConnection.createClient (/home/editcezo/nodevenv/repositories/eco-packaging-backend/18/lib/node_modules/mongoose/lib/drivers/node-mongodb-native/connection.js:236:11)
    at NativeConnection.openUri (/home/editcezo/nodevenv/repositories/eco-packaging-backend/18/lib/node_modules/mongoose/lib/connection.js:1071:34)
    at Mongoose.connect (/home/editcezo/nodevenv/repositories/eco-packaging-backend/18/lib/node_modules/mongoose/lib/mongoose.js:450:15)
    at Object.<anonymous> (/home/editcezo/repositories/eco-packaging-backend/server.js:130:10)
    at Module._compile (node:internal/modules/cjs/loader:1364:14)
    at Module._extensions..js (node:internal/modules/cjs/loader:1422:10)
    at Module.load (node:internal/modules/cjs/loader:1203:32)
    at Module._load (node:internal/modules/cjs/loader:1019:12)
    at Module.require (node:internal/modules/cjs/loader:1231:19)
    at require (node:internal/modules/helpers:177:18)
❌ MongoDB Connection Error: MongooseError: The `uri` parameter to `openUri()` must be a string, got "undefined". Make sure the first parameter to `mongoose.connect()` or `mongoose.createConnection()` is a string.
    at NativeConnection.createClient (/home/editcezo/nodevenv/repositories/eco-packaging-backend/18/lib/node_modules/mongoose/lib/drivers/node-mongodb-native/connection.js:236:11)
    at NativeConnection.openUri (/home/editcezo/nodevenv/repositories/eco-packaging-backend/18/lib/node_modules/mongoose/lib/connection.js:1071:34)
    at Mongoose.connect (/home/editcezo/nodevenv/repositories/eco-packaging-backend/18/lib/node_modules/mongoose/lib/mongoose.js:450:15)
    at Object.<anonymous> (/home/editcezo/repositories/eco-packaging-backend/server.js:130:10)
    at Module._compile (node:internal/modules/cjs/loader:1364:14)
    at Module._extensions..js (node:internal/modules/cjs/loader:1422:10)
    at Module.load (node:internal/modules/cjs/loader:1203:32)
    at Module._load (node:internal/modules/cjs/loader:1019:12)
    at Module.require (node:internal/modules/cjs/loader:1231:19)
    at require (node:internal/modules/helpers:177:18)
❌ MongoDB Connection Error: MongooseError: The `uri` parameter to `openUri()` must be a string, got "undefined". Make sure the first parameter to `mongoose.connect()` or `mongoose.createConnection()` is a string.
    at NativeConnection.createClient (/home/editcezo/nodevenv/repositories/eco-packaging-backend/18/lib/node_modules/mongoose/lib/drivers/node-mongodb-native/connection.js:236:11)
    at NativeConnection.openUri (/home/editcezo/nodevenv/repositories/eco-packaging-backend/18/lib/node_modules/mongoose/lib/connection.js:1071:34)
    at Mongoose.connect (/home/editcezo/nodevenv/repositories/eco-packaging-backend/18/lib/node_modules/mongoose/lib/mongoose.js:450:15)
    at Object.<anonymous> (/home/editcezo/repositories/eco-packaging-backend/server.js:130:10)
    at Module._compile (node:internal/modules/cjs/loader:1364:14)
    at Module._extensions..js (node:internal/modules/cjs/loader:1422:10)
    at Module.load (node:internal/modules/cjs/loader:1203:32)
    at Module._load (node:internal/modules/cjs/loader:1019:12)
    at Module.require (node:internal/modules/cjs/loader:1231:19)
    at require (node:internal/modules/helpers:177:18)
❌ MongoDB Connection Error: MongooseError: The `uri` parameter to `openUri()` must be a string, got "undefined". Make sure the first parameter to `mongoose.connect()` or `mongoose.createConnection()` is a string.
    at NativeConnection.createClient (/home/editcezo/nodevenv/repositories/eco-packaging-backend/18/lib/node_modules/mongoose/lib/drivers/node-mongodb-native/connection.js:236:11)
    at NativeConnection.openUri (/home/editcezo/nodevenv/repositories/eco-packaging-backend/18/lib/node_modules/mongoose/lib/connection.js:1071:34)
    at Mongoose.connect (/home/editcezo/nodevenv/repositories/eco-packaging-backend/18/lib/node_modules/mongoose/lib/mongoose.js:450:15)
    at Object.<anonymous> (/home/editcezo/repositories/eco-packaging-backend/server.js:130:10)
    at Module._compile (node:internal/modules/cjs/loader:1364:14)
    at Module._extensions..js (node:internal/modules/cjs/loader:1422:10)
    at Module.load (node:internal/modules/cjs/loader:1203:32)
    at Module._load (node:internal/modules/cjs/loader:1019:12)
    at Module.require (node:internal/modules/cjs/loader:1231:19)
    at require (node:internal/modules/helpers:177:18)
❌ MongoDB Connection Error: MongooseError: The `uri` parameter to `openUri()` must be a string, got "undefined". Make sure the first parameter to `mongoose.connect()` or `mongoose.createConnection()` is a string.
    at NativeConnection.createClient (/home/editcezo/nodevenv/repositories/eco-packaging-backend/18/lib/node_modules/mongoose/lib/drivers/node-mongodb-native/connection.js:236:11)
    at NativeConnection.openUri (/home/editcezo/nodevenv/repositories/eco-packaging-backend/18/lib/node_modules/mongoose/lib/connection.js:1071:34)
    at Mongoose.connect (/home/editcezo/nodevenv/repositories/eco-packaging-backend/18/lib/node_modules/mongoose/lib/mongoose.js:450:15)
    at Object.<anonymous> (/home/editcezo/repositories/eco-packaging-backend/server.js:130:10)
    at Module._compile (node:internal/modules/cjs/loader:1364:14)
    at Module._extensions..js (node:internal/modules/cjs/loader:1422:10)
    at Module.load (node:internal/modules/cjs/loader:1203:32)
    at Module._load (node:internal/modules/cjs/loader:1019:12)
    at Module.require (node:internal/modules/cjs/loader:1231:19)
    at require (node:internal/modules/helpers:177:18)
❌ MongoDB Connection Error: MongooseError: The `uri` parameter to `openUri()` must be a string, got "undefined". Make sure the first parameter to `mongoose.connect()` or `mongoose.createConnection()` is a string.
    at NativeConnection.createClient (/home/editcezo/nodevenv/repositories/eco-packaging-backend/18/lib/node_modules/mongoose/lib/drivers/node-mongodb-native/connection.js:236:11)
    at NativeConnection.openUri (/home/editcezo/nodevenv/repositories/eco-packaging-backend/18/lib/node_modules/mongoose/lib/connection.js:1071:34)
    at Mongoose.connect (/home/editcezo/nodevenv/repositories/eco-packaging-backend/18/lib/node_modules/mongoose/lib/mongoose.js:450:15)
    at Object.<anonymous> (/home/editcezo/repositories/eco-packaging-backend/server.js:130:10)
    at Module._compile (node:internal/modules/cjs/loader:1364:14)
    at Module._extensions..js (node:internal/modules/cjs/loader:1422:10)
    at Module.load (node:internal/modules/cjs/loader:1203:32)
    at Module._load (node:internal/modules/cjs/loader:1019:12)
    at Module.require (node:internal/modules/cjs/loader:1231:19)
    at require (node:internal/modules/helpers:177:18)
❌ MongoDB Connection Error: MongooseError: The `uri` parameter to `openUri()` must be a string, got "undefined". Make sure the first parameter to `mongoose.connect()` or `mongoose.createConnection()` is a string.
    at NativeConnection.createClient (/home/editcezo/nodevenv/repositories/eco-packaging-backend/18/lib/node_modules/mongoose/lib/drivers/node-mongodb-native/connection.js:236:11)
    at NativeConnection.openUri (/home/editcezo/nodevenv/repositories/eco-packaging-backend/18/lib/node_modules/mongoose/lib/connection.js:1071:34)
    at Mongoose.connect (/home/editcezo/nodevenv/repositories/eco-packaging-backend/18/lib/node_modules/mongoose/lib/mongoose.js:450:15)
    at Object.<anonymous> (/home/editcezo/repositories/eco-packaging-backend/server.js:130:10)
    at Module._compile (node:internal/modules/cjs/loader:1364:14)
    at Module._extensions..js (node:internal/modules/cjs/loader:1422:10)
    at Module.load (node:internal/modules/cjs/loader:1203:32)
    at Module._load (node:internal/modules/cjs/loader:1019:12)
    at Module.require (node:internal/modules/cjs/loader:1231:19)
    at require (node:internal/modules/helpers:177:18)
❌ MongoDB Connection Error: MongooseError: The `uri` parameter to `openUri()` must be a string, got "undefined". Make sure the first parameter to `mongoose.connect()` or `mongoose.createConnection()` is a string.
    at NativeConnection.createClient (/home/editcezo/nodevenv/repositories/eco-packaging-backend/18/lib/node_modules/mongoose/lib/drivers/node-mongodb-native/connection.js:236:11)
    at NativeConnection.openUri (/home/editcezo/nodevenv/repositories/eco-packaging-backend/18/lib/node_modules/mongoose/lib/connection.js:1071:34)
    at Mongoose.connect (/home/editcezo/nodevenv/repositories/eco-packaging-backend/18/lib/node_modules/mongoose/lib/mongoose.js:450:15)
    at Object.<anonymous> (/home/editcezo/repositories/eco-packaging-backend/server.js:130:10)
    at Module._compile (node:internal/modules/cjs/loader:1364:14)
    at Module._extensions..js (node:internal/modules/cjs/loader:1422:10)
    at Module.load (node:internal/modules/cjs/loader:1203:32)
    at Module._load (node:internal/modules/cjs/loader:1019:12)
    at Module.require (node:internal/modules/cjs/loader:1231:19)
    at require (node:internal/modules/helpers:177:18)
❌ MongoDB Connection Error: MongooseError: The `uri` parameter to `openUri()` must be a string, got "undefined". Make sure the first parameter to `mongoose.connect()` or `mongoose.createConnection()` is a string.
    at NativeConnection.createClient (/home/editcezo/nodevenv/repositories/eco-packaging-backend/18/lib/node_modules/mongoose/lib/drivers/node-mongodb-native/connection.js:236:11)
    at NativeConnection.openUri (/home/editcezo/nodevenv/repositories/eco-packaging-backend/18/lib/node_modules/mongoose/lib/connection.js:1071:34)
    at Mongoose.connect (/home/editcezo/nodevenv/repositories/eco-packaging-backend/18/lib/node_modules/mongoose/lib/mongoose.js:450:15)
    at Object.<anonymous> (/home/editcezo/repositories/eco-packaging-backend/server.js:130:10)
    at Module._compile (node:internal/modules/cjs/loader:1364:14)
    at Module._extensions..js (node:internal/modules/cjs/loader:1422:10)
    at Module.load (node:internal/modules/cjs/loader:1203:32)
    at Module._load (node:internal/modules/cjs/loader:1019:12)
    at Module.require (node:internal/modules/cjs/loader:1231:19)
    at require (node:internal/modules/helpers:177:18)
❌ MongoDB Connection Error: MongooseError: The `uri` parameter to `openUri()` must be a string, got "undefined". Make sure the first parameter to `mongoose.connect()` or `mongoose.createConnection()` is a string.
    at NativeConnection.createClient (/home/editcezo/nodevenv/repositories/eco-packaging-backend/18/lib/node_modules/mongoose/lib/drivers/node-mongodb-native/connection.js:236:11)
    at NativeConnection.openUri (/home/editcezo/nodevenv/repositories/eco-packaging-backend/18/lib/node_modules/mongoose/lib/connection.js:1071:34)
    at Mongoose.connect (/home/editcezo/nodevenv/repositories/eco-packaging-backend/18/lib/node_modules/mongoose/lib/mongoose.js:450:15)
    at Object.<anonymous> (/home/editcezo/repositories/eco-packaging-backend/server.js:130:10)
    at Module._compile (node:internal/modules/cjs/loader:1364:14)
    at Module._extensions..js (node:internal/modules/cjs/loader:1422:10)
    at Module.load (node:internal/modules/cjs/loader:1203:32)
    at Module._load (node:internal/modules/cjs/loader:1019:12)
    at Module.require (node:internal/modules/cjs/loader:1231:19)
    at require (node:internal/modules/helpers:177:18)
❌ MongoDB Connection Error: MongooseError: The `uri` parameter to `openUri()` must be a string, got "undefined". Make sure the first parameter to `mongoose.connect()` or `mongoose.createConnection()` is a string.
    at NativeConnection.createClient (/home/editcezo/nodevenv/repositories/eco-packaging-backend/18/lib/node_modules/mongoose/lib/drivers/node-mongodb-native/connection.js:236:11)
    at NativeConnection.openUri (/home/editcezo/nodevenv/repositories/eco-packaging-backend/18/lib/node_modules/mongoose/lib/connection.js:1071:34)
    at Mongoose.connect (/home/editcezo/nodevenv/repositories/eco-packaging-backend/18/lib/node_modules/mongoose/lib/mongoose.js:450:15)
    at Object.<anonymous> (/home/editcezo/repositories/eco-packaging-backend/server.js:130:10)
    at Module._compile (node:internal/modules/cjs/loader:1364:14)
    at Module._extensions..js (node:internal/modules/cjs/loader:1422:10)
    at Module.load (node:internal/modules/cjs/loader:1203:32)
    at Module._load (node:internal/modules/cjs/loader:1019:12)
    at Module.require (node:internal/modules/cjs/loader:1231:19)
    at require (node:internal/modules/helpers:177:18)
❌ MongoDB Connection Error: MongooseError: The `uri` parameter to `openUri()` must be a string, got "undefined". Make sure the first parameter to `mongoose.connect()` or `mongoose.createConnection()` is a string.
    at NativeConnection.createClient (/home/editcezo/nodevenv/repositories/eco-packaging-backend/18/lib/node_modules/mongoose/lib/drivers/node-mongodb-native/connection.js:236:11)
    at NativeConnection.openUri (/home/editcezo/nodevenv/repositories/eco-packaging-backend/18/lib/node_modules/mongoose/lib/connection.js:1071:34)
    at Mongoose.connect (/home/editcezo/nodevenv/repositories/eco-packaging-backend/18/lib/node_modules/mongoose/lib/mongoose.js:450:15)
    at Object.<anonymous> (/home/editcezo/repositories/eco-packaging-backend/server.js:130:10)
    at Module._compile (node:internal/modules/cjs/loader:1364:14)
    at Module._extensions..js (node:internal/modules/cjs/loader:1422:10)
    at Module.load (node:internal/modules/cjs/loader:1203:32)
    at Module._load (node:internal/modules/cjs/loader:1019:12)
    at Module.require (node:internal/modules/cjs/loader:1231:19)
    at require (node:internal/modules/helpers:177:18)
❌ MongoDB Connection Error: MongooseError: The `uri` parameter to `openUri()` must be a string, got "undefined". Make sure the first parameter to `mongoose.connect()` or `mongoose.createConnection()` is a string.
    at NativeConnection.createClient (/home/editcezo/nodevenv/repositories/eco-packaging-backend/18/lib/node_modules/mongoose/lib/drivers/node-mongodb-native/connection.js:236:11)
    at NativeConnection.openUri (/home/editcezo/nodevenv/repositories/eco-packaging-backend/18/lib/node_modules/mongoose/lib/connection.js:1071:34)
    at Mongoose.connect (/home/editcezo/nodevenv/repositories/eco-packaging-backend/18/lib/node_modules/mongoose/lib/mongoose.js:450:15)
    at Object.<anonymous> (/home/editcezo/repositories/eco-packaging-backend/server.js:130:10)
    at Module._compile (node:internal/modules/cjs/loader:1364:14)
    at Module._extensions..js (node:internal/modules/cjs/loader:1422:10)
    at Module.load (node:internal/modules/cjs/loader:1203:32)
    at Module._load (node:internal/modules/cjs/loader:1019:12)
    at Module.require (node:internal/modules/cjs/loader:1231:19)
    at require (node:internal/modules/helpers:177:18)
❌ MongoDB Connection Error: MongooseError: The `uri` parameter to `openUri()` must be a string, got "undefined". Make sure the first parameter to `mongoose.connect()` or `mongoose.createConnection()` is a string.
    at NativeConnection.createClient (/home/editcezo/nodevenv/repositories/eco-packaging-backend/18/lib/node_modules/mongoose/lib/drivers/node-mongodb-native/connection.js:236:11)
    at NativeConnection.openUri (/home/editcezo/nodevenv/repositories/eco-packaging-backend/18/lib/node_modules/mongoose/lib/connection.js:1071:34)
    at Mongoose.connect (/home/editcezo/nodevenv/repositories/eco-packaging-backend/18/lib/node_modules/mongoose/lib/mongoose.js:450:15)
    at Object.<anonymous> (/home/editcezo/repositories/eco-packaging-backend/server.js:130:10)
    at Module._compile (node:internal/modules/cjs/loader:1364:14)
    at Module._extensions..js (node:internal/modules/cjs/loader:1422:10)
    at Module.load (node:internal/modules/cjs/loader:1203:32)
    at Module._load (node:internal/modules/cjs/loader:1019:12)
    at Module.require (node:internal/modules/cjs/loader:1231:19)
    at require (node:internal/modules/helpers:177:18)
❌ MongoDB Connection Error: MongooseError: The `uri` parameter to `openUri()` must be a string, got "undefined". Make sure the first parameter to `mongoose.connect()` or `mongoose.createConnection()` is a string.
    at NativeConnection.createClient (/home/editcezo/nodevenv/repositories/eco-packaging-backend/18/lib/node_modules/mongoose/lib/drivers/node-mongodb-native/connection.js:236:11)
    at NativeConnection.openUri (/home/editcezo/nodevenv/repositories/eco-packaging-backend/18/lib/node_modules/mongoose/lib/connection.js:1071:34)
    at Mongoose.connect (/home/editcezo/nodevenv/repositories/eco-packaging-backend/18/lib/node_modules/mongoose/lib/mongoose.js:450:15)
    at Object.<anonymous> (/home/editcezo/repositories/eco-packaging-backend/server.js:130:10)
    at Module._compile (node:internal/modules/cjs/loader:1364:14)
    at Module._extensions..js (node:internal/modules/cjs/loader:1422:10)
    at Module.load (node:internal/modules/cjs/loader:1203:32)
    at Module._load (node:internal/modules/cjs/loader:1019:12)
    at Module.require (node:internal/modules/cjs/loader:1231:19)
    at require (node:internal/modules/helpers:177:18)
❌ MongoDB Connection Error: MongooseError: The `uri` parameter to `openUri()` must be a string, got "undefined". Make sure the first parameter to `mongoose.connect()` or `mongoose.createConnection()` is a string.
    at NativeConnection.createClient (/home/editcezo/nodevenv/repositories/eco-packaging-backend/18/lib/node_modules/mongoose/lib/drivers/node-mongodb-native/connection.js:236:11)
    at NativeConnection.openUri (/home/editcezo/nodevenv/repositories/eco-packaging-backend/18/lib/node_modules/mongoose/lib/connection.js:1071:34)
    at Mongoose.connect (/home/editcezo/nodevenv/repositories/eco-packaging-backend/18/lib/node_modules/mongoose/lib/mongoose.js:450:15)
    at Object.<anonymous> (/home/editcezo/repositories/eco-packaging-backend/server.js:130:10)
    at Module._compile (node:internal/modules/cjs/loader:1364:14)
    at Module._extensions..js (node:internal/modules/cjs/loader:1422:10)
    at Module.load (node:internal/modules/cjs/loader:1203:32)
    at Module._load (node:internal/modules/cjs/loader:1019:12)
    at Module.require (node:internal/modules/cjs/loader:1231:19)
    at require (node:internal/modules/helpers:177:18)
❌ MongoDB Connection Error: MongooseError: The `uri` parameter to `openUri()` must be a string, got "undefined". Make sure the first parameter to `mongoose.connect()` or `mongoose.createConnection()` is a string.
    at NativeConnection.createClient (/home/editcezo/nodevenv/repositories/eco-packaging-backend/18/lib/node_modules/mongoose/lib/drivers/node-mongodb-native/connection.js:236:11)
    at NativeConnection.openUri (/home/editcezo/nodevenv/repositories/eco-packaging-backend/18/lib/node_modules/mongoose/lib/connection.js:1071:34)
    at Mongoose.connect (/home/editcezo/nodevenv/repositories/eco-packaging-backend/18/lib/node_modules/mongoose/lib/mongoose.js:450:15)
    at Object.<anonymous> (/home/editcezo/repositories/eco-packaging-backend/server.js:130:10)
    at Module._compile (node:internal/modules/cjs/loader:1364:14)
    at Module._extensions..js (node:internal/modules/cjs/loader:1422:10)
    at Module.load (node:internal/modules/cjs/loader:1203:32)
    at Module._load (node:internal/modules/cjs/loader:1019:12)
    at Module.require (node:internal/modules/cjs/loader:1231:19)
    at require (node:internal/modules/helpers:177:18)
❌ MongoDB Connection Error: MongooseError: The `uri` parameter to `openUri()` must be a string, got "undefined". Make sure the first parameter to `mongoose.connect()` or `mongoose.createConnection()` is a string.
    at NativeConnection.createClient (/home/editcezo/nodevenv/repositories/eco-packaging-backend/18/lib/node_modules/mongoose/lib/drivers/node-mongodb-native/connection.js:236:11)
    at NativeConnection.openUri (/home/editcezo/nodevenv/repositories/eco-packaging-backend/18/lib/node_modules/mongoose/lib/connection.js:1071:34)
    at Mongoose.connect (/home/editcezo/nodevenv/repositories/eco-packaging-backend/18/lib/node_modules/mongoose/lib/mongoose.js:450:15)
    at Object.<anonymous> (/home/editcezo/repositories/eco-packaging-backend/server.js:130:10)
    at Module._compile (node:internal/modules/cjs/loader:1364:14)
    at Module._extensions..js (node:internal/modules/cjs/loader:1422:10)
    at Module.load (node:internal/modules/cjs/loader:1203:32)
    at Module._load (node:internal/modules/cjs/loader:1019:12)
    at Module.require (node:internal/modules/cjs/loader:1231:19)
    at require (node:internal/modules/helpers:177:18)
❌ MongoDB Connection Error: MongooseError: The `uri` parameter to `openUri()` must be a string, got "undefined". Make sure the first parameter to `mongoose.connect()` or `mongoose.createConnection()` is a string.
    at NativeConnection.createClient (/home/editcezo/nodevenv/repositories/eco-packaging-backend/18/lib/node_modules/mongoose/lib/drivers/node-mongodb-native/connection.js:236:11)
    at NativeConnection.openUri (/home/editcezo/nodevenv/repositories/eco-packaging-backend/18/lib/node_modules/mongoose/lib/connection.js:1071:34)
    at Mongoose.connect (/home/editcezo/nodevenv/repositories/eco-packaging-backend/18/lib/node_modules/mongoose/lib/mongoose.js:450:15)
    at Object.<anonymous> (/home/editcezo/repositories/eco-packaging-backend/server.js:130:10)
    at Module._compile (node:internal/modules/cjs/loader:1364:14)
    at Module._extensions..js (node:internal/modules/cjs/loader:1422:10)
    at Module.load (node:internal/modules/cjs/loader:1203:32)
    at Module._load (node:internal/modules/cjs/loader:1019:12)
    at Module.require (node:internal/modules/cjs/loader:1231:19)
    at require (node:internal/modules/helpers:177:18)
❌ MongoDB Connection Error: MongooseError: The `uri` parameter to `openUri()` must be a string, got "undefined". Make sure the first parameter to `mongoose.connect()` or `mongoose.createConnection()` is a string.
    at NativeConnection.createClient (/home/editcezo/nodevenv/repositories/eco-packaging-backend/18/lib/node_modules/mongoose/lib/drivers/node-mongodb-native/connection.js:236:11)
    at NativeConnection.openUri (/home/editcezo/nodevenv/repositories/eco-packaging-backend/18/lib/node_modules/mongoose/lib/connection.js:1071:34)
    at Mongoose.connect (/home/editcezo/nodevenv/repositories/eco-packaging-backend/18/lib/node_modules/mongoose/lib/mongoose.js:450:15)
    at Object.<anonymous> (/home/editcezo/repositories/eco-packaging-backend/server.js:130:10)
    at Module._compile (node:internal/modules/cjs/loader:1364:14)
    at Module._extensions..js (node:internal/modules/cjs/loader:1422:10)
    at Module.load (node:internal/modules/cjs/loader:1203:32)
    at Module._load (node:internal/modules/cjs/loader:1019:12)
    at Module.require (node:internal/modules/cjs/loader:1231:19)
    at require (node:internal/modules/helpers:177:18)
❌ MongoDB Connection Error: MongooseError: The `uri` parameter to `openUri()` must be a string, got "undefined". Make sure the first parameter to `mongoose.connect()` or `mongoose.createConnection()` is a string.
    at NativeConnection.createClient (/home/editcezo/nodevenv/repositories/eco-packaging-backend/18/lib/node_modules/mongoose/lib/drivers/node-mongodb-native/connection.js:236:11)
    at NativeConnection.openUri (/home/editcezo/nodevenv/repositories/eco-packaging-backend/18/lib/node_modules/mongoose/lib/connection.js:1071:34)
    at Mongoose.connect (/home/editcezo/nodevenv/repositories/eco-packaging-backend/18/lib/node_modules/mongoose/lib/mongoose.js:450:15)
    at Object.<anonymous> (/home/editcezo/repositories/eco-packaging-backend/server.js:130:10)
    at Module._compile (node:internal/modules/cjs/loader:1364:14)
    at Module._extensions..js (node:internal/modules/cjs/loader:1422:10)
    at Module.load (node:internal/modules/cjs/loader:1203:32)
    at Module._load (node:internal/modules/cjs/loader:1019:12)
    at Module.require (node:internal/modules/cjs/loader:1231:19)
    at require (node:internal/modules/helpers:177:18)
❌ MongoDB Connection Error: MongooseError: The `uri` parameter to `openUri()` must be a string, got "undefined". Make sure the first parameter to `mongoose.connect()` or `mongoose.createConnection()` is a string.
    at NativeConnection.createClient (/home/editcezo/nodevenv/repositories/eco-packaging-backend/18/lib/node_modules/mongoose/lib/drivers/node-mongodb-native/connection.js:236:11)
    at NativeConnection.openUri (/home/editcezo/nodevenv/repositories/eco-packaging-backend/18/lib/node_modules/mongoose/lib/connection.js:1071:34)
    at Mongoose.connect (/home/editcezo/nodevenv/repositories/eco-packaging-backend/18/lib/node_modules/mongoose/lib/mongoose.js:450:15)
    at Object.<anonymous> (/home/editcezo/repositories/eco-packaging-backend/server.js:130:10)
    at Module._compile (node:internal/modules/cjs/loader:1364:14)
    at Module._extensions..js (node:internal/modules/cjs/loader:1422:10)
    at Module.load (node:internal/modules/cjs/loader:1203:32)
    at Module._load (node:internal/modules/cjs/loader:1019:12)
    at Module.require (node:internal/modules/cjs/loader:1231:19)
    at require (node:internal/modules/helpers:177:18)
⚠️ Unmatched route: GET /auth/user
⚠️ Unmatched route: GET /settings
⚠️ Unmatched route: POST /analytics/visit
⚠️ Unmatched route: GET /auth/user
⚠️ Unmatched route: GET /settings
⚠️ Unmatched route: POST /analytics/visit
⚠️ Unmatched route: POST /analytics/visit
⚠️ Unmatched route: GET /settings
